#
# There is insufficient memory for the Java Runtime Environment to continue.
# Native memory allocation (mmap) failed to map 257949696 bytes for G1 virtual space
# Possible reasons:
#   The system is out of physical RAM or swap space
#   The process is running with CompressedOops enabled, and the Java Heap may be blocking the growth of the native heap
# Possible solutions:
#   Reduce memory load on the system
#   Increase physical memory or swap space
#   Check if swap backing store is full
#   Decrease Java heap size (-Xmx/-Xms)
#   Decrease number of Java threads
#   Decrease Java thread stack sizes (-Xss)
#   Set larger code cache with -XX:ReservedCodeCacheSize=
#   JVM is running with Zero Based Compressed Oops mode in which the Java heap is
#     placed in the first 32GB address space. The Java Heap base address is the
#     maximum limit for the native heap growth. Please use -XX:HeapBaseMinAddress
#     to set the Java Heap base and to place the Java Heap above 32GB virtual address.
# This output file may be truncated or incomplete.
#
#  Out of Memory Error (os_windows.cpp:3530), pid=13412, tid=3528
#
# JRE version:  (18.0.1.1+2) (build )
# Java VM: Java HotSpot(TM) 64-Bit Server VM (18.0.1.1+2-6, mixed mode, sharing, tiered, compressed oops, compressed class ptrs, g1 gc, windows-amd64)
# No core dump will be written. Minidumps are not enabled by default on client versions of Windows
#

---------------  S U M M A R Y ------------

Command Line: -Dfile.encoding=UTF-8 --module-path=C:\Users\vince\OneDrive\Documents\NetBeansProjects\PibgVoteApp\build\classes my.PibgVoteApp.MainMenuGUI

Host: AMD Ryzen 5 4600H with Radeon Graphics         , 12 cores, 15G,  Windows 10 , 64 bit Build 19041 (10.0.19041.3031)
Time: Sat Jul  1 17:51:46 2023 Malay Peninsula Standard Time elapsed time: 0.010457 seconds (0d 0h 0m 0s)

---------------  T H R E A D  ---------------

Current thread (0x000001aecf5f04e0):  JavaThread "Unknown thread" [_thread_in_vm, id=3528, stack(0x00000094e2c00000,0x00000094e2d00000)]

Stack: [0x00000094e2c00000,0x00000094e2d00000]
Native frames: (J=compiled Java code, j=interpreted, Vv=VM code, C=native code)
V  [jvm.dll+0x69887a]
V  [jvm.dll+0x7f38bd]
V  [jvm.dll+0x7f51ce]
V  [jvm.dll+0x7f5883]
V  [jvm.dll+0x25ca3f]
V  [jvm.dll+0x6957c9]
V  [jvm.dll+0x68a2fa]
V  [jvm.dll+0x321efb]
V  [jvm.dll+0x3298d6]
V  [jvm.dll+0x37e47e]
V  [jvm.dll+0x37e6af]
V  [jvm.dll+0x2f9c7a]
V  [jvm.dll+0x2facdd]
V  [jvm.dll+0x7c24f0]
V  [jvm.dll+0x38b801]
V  [jvm.dll+0x7a1203]
V  [jvm.dll+0x40d6bf]
V  [jvm.dll+0x40f091]
C  [jli.dll+0x526b]
C  [ucrtbase.dll+0x21bb2]
C  [KERNEL32.DLL+0x17614]
C  [ntdll.dll+0x526f1]


---------------  P R O C E S S  ---------------

Threads class SMR info:
_java_thread_list=0x00007ff83cd9d550, length=0, elements={
}

Java Threads: ( => current thread )

Other Threads:
  0x000001aecf65dc50 WorkerThread "GC Thread#0" [stack: 0x00000094e2d00000,0x00000094e2e00000] [id=20116]
  0x000001aecf66f560 ConcurrentGCThread "G1 Main Marker" [stack: 0x00000094e2e00000,0x00000094e2f00000] [id=12968]
  0x000001aecf672e70 WorkerThread "G1 Conc#0" [stack: 0x00000094e2f00000,0x00000094e3000000] [id=5736]

[error occurred during error reporting (printing all threads), id 0xc0000005, EXCEPTION_ACCESS_VIOLATION (0xc0000005) at pc=0x00007ff83c5ca217]

VM state: not at safepoint (not fully initialized)

VM Mutex/Monitor currently owned by a thread:  ([mutex/lock_event])
[0x000001aecf5ed410] Heap_lock - owner thread: 0x000001aecf5f04e0

Heap address: 0x000000070a200000, size: 3934 MB, Compressed Oops mode: Zero based, Oop shift amount: 3

CDS archive(s) mapped at: [0x0000000000000000-0x0000000000000000-0x0000000000000000), size 0, SharedBaseAddress: 0x0000000800000000, ArchiveRelocationMode: 0.
Narrow klass base: 0x0000000000000000, Narrow klass shift: 0, Narrow klass range: 0x0

GC Precious Log:
 CardTable entry size: 512
 Card Set container configuration: InlinePtr #cards 4 size 8 Array Of Cards #cards 16 size 48 Howl #buckets 8 coarsen threshold 3686 Howl Bitmap #cards 512 size 80 coarsen threshold 460 Card regions per heap region 1 cards per card region 4096

Heap:
 garbage-first heap   total 0K, used 0K [0x000000070a200000, 0x0000000800000000)
  region size 2048K, 0 young (0K), 0 survivors (0K)

[error occurred during error reporting (printing heap information), id 0xc0000005, EXCEPTION_ACCESS_VIOLATION (0xc0000005) at pc=0x00007ff83c9b0cb9]

GC Heap History (0 events):
No events

Deoptimization events (0 events):
No events

Classes loaded (0 events):
No events

Classes unloaded (0 events):
No events

Classes redefined (0 events):
No events

Internal exceptions (0 events):
No events

VM Operations (0 events):
No events

Events (1 events):
Event: 0.005 Loaded shared library C:\Program Files\Java\jdk-18.0.1.1\bin\java.dll


Dynamic libraries:
0x00007ff653670000 - 0x00007ff653680000 	C:\Program Files\Java\jdk-18.0.1.1\bin\java.exe
0x00007ff8bd6d0000 - 0x00007ff8bd8c8000 	C:\WINDOWS\SYSTEM32\ntdll.dll
0x00007ff8bbcc0000 - 0x00007ff8bbd7f000 	C:\WINDOWS\System32\KERNEL32.DLL
0x00007ff8bb190000 - 0x00007ff8bb486000 	C:\WINDOWS\System32\KERNELBASE.dll
0x00007ff8bb4c0000 - 0x00007ff8bb5c0000 	C:\WINDOWS\System32\ucrtbase.dll
0x00007ff895bc0000 - 0x00007ff895bda000 	C:\Program Files\Java\jdk-18.0.1.1\bin\VCRUNTIME140.dll
0x00007ff89aa90000 - 0x00007ff89aaa8000 	C:\Program Files\Java\jdk-18.0.1.1\bin\jli.dll
0x00007ff8bbc10000 - 0x00007ff8bbcbf000 	C:\WINDOWS\System32\ADVAPI32.dll
0x00007ff8bd560000 - 0x00007ff8bd5fe000 	C:\WINDOWS\System32\msvcrt.dll
0x00007ff8bc1e0000 - 0x00007ff8bc27c000 	C:\WINDOWS\System32\sechost.dll
0x00007ff8bcf30000 - 0x00007ff8bd056000 	C:\WINDOWS\System32\RPCRT4.dll
0x00007ff8bbe10000 - 0x00007ff8bbfad000 	C:\WINDOWS\System32\USER32.dll
0x00007ff89f740000 - 0x00007ff89f9da000 	C:\WINDOWS\WinSxS\amd64_microsoft.windows.common-controls_6595b64144ccf1df_6.0.19041.1110_none_60b5254171f9507e\COMCTL32.dll
0x00007ff8bb160000 - 0x00007ff8bb182000 	C:\WINDOWS\System32\win32u.dll
0x00007ff8bbd80000 - 0x00007ff8bbdac000 	C:\WINDOWS\System32\GDI32.dll
0x00007ff8bb5c0000 - 0x00007ff8bb6d5000 	C:\WINDOWS\System32\gdi32full.dll
0x00007ff8bb0c0000 - 0x00007ff8bb15d000 	C:\WINDOWS\System32\msvcp_win.dll
0x00007ff8b20e0000 - 0x00007ff8b20ea000 	C:\WINDOWS\SYSTEM32\VERSION.dll
0x00007ff8bcf00000 - 0x00007ff8bcf30000 	C:\WINDOWS\System32\IMM32.DLL
0x00007ff8b5330000 - 0x00007ff8b533c000 	C:\Program Files\Java\jdk-18.0.1.1\bin\vcruntime140_1.dll
0x00007ff886980000 - 0x00007ff886a0d000 	C:\Program Files\Java\jdk-18.0.1.1\bin\msvcp140.dll
0x00007ff83c2c0000 - 0x00007ff83ced0000 	C:\Program Files\Java\jdk-18.0.1.1\bin\server\jvm.dll
0x00007ff8bd680000 - 0x00007ff8bd688000 	C:\WINDOWS\System32\PSAPI.DLL
0x00007ff89bd30000 - 0x00007ff89bd39000 	C:\WINDOWS\SYSTEM32\WSOCK32.dll
0x00007ff8b0750000 - 0x00007ff8b0777000 	C:\WINDOWS\SYSTEM32\WINMM.dll
0x00007ff8bc160000 - 0x00007ff8bc1cb000 	C:\WINDOWS\System32\WS2_32.dll
0x00007ff8b8c60000 - 0x00007ff8b8c72000 	C:\WINDOWS\SYSTEM32\kernel.appcore.dll
0x00007ff8b4b00000 - 0x00007ff8b4b0a000 	C:\Program Files\Java\jdk-18.0.1.1\bin\jimage.dll
0x00007ff8a1160000 - 0x00007ff8a1344000 	C:\WINDOWS\SYSTEM32\DBGHELP.DLL
0x00007ff89ad60000 - 0x00007ff89ad94000 	C:\WINDOWS\SYSTEM32\dbgcore.DLL
0x00007ff8bb030000 - 0x00007ff8bb0b2000 	C:\WINDOWS\System32\bcryptPrimitives.dll
0x00007ff88f1c0000 - 0x00007ff88f1e5000 	C:\Program Files\Java\jdk-18.0.1.1\bin\java.dll

dbghelp: loaded successfully - version: 4.0.5 - missing functions: none
symbol engine: initialized successfully - sym options: 0x614 - pdb path: .;C:\Program Files\Java\jdk-18.0.1.1\bin;C:\WINDOWS\SYSTEM32;C:\WINDOWS\WinSxS\amd64_microsoft.windows.common-controls_6595b64144ccf1df_6.0.19041.1110_none_60b5254171f9507e;C:\Program Files\Java\jdk-18.0.1.1\bin\server

VM Arguments:
jvm_args: -Dfile.encoding=UTF-8 --module-path=C:\Users\vince\OneDrive\Documents\NetBeansProjects\PibgVoteApp\build\classes 
java_command: my.PibgVoteApp.MainMenuGUI
java_class_path (initial): C:\Users\vince\OneDrive\Documents\NetBeansProjects\PibgVoteApp\build\classes
Launcher Type: SUN_STANDARD

[Global flags]
     intx CICompilerCount                          = 4                                         {product} {ergonomic}
     uint ConcGCThreads                            = 3                                         {product} {ergonomic}
     uint G1ConcRefinementThreads                  = 10                                        {product} {ergonomic}
   size_t G1HeapRegionSize                         = 2097152                                   {product} {ergonomic}
    uintx GCDrainStackTargetSize                   = 64                                        {product} {ergonomic}
   size_t InitialHeapSize                          = 257949696                                 {product} {ergonomic}
   size_t MarkStackSize                            = 4194304                                   {product} {ergonomic}
   size_t MaxHeapSize                              = 4125097984                                {product} {ergonomic}
   size_t MinHeapDeltaBytes                        = 2097152                                   {product} {ergonomic}
   size_t MinHeapSize                              = 8388608                                   {product} {ergonomic}
    uintx NonNMethodCodeHeapSize                   = 5839372                                {pd product} {ergonomic}
    uintx NonProfiledCodeHeapSize                  = 122909434                              {pd product} {ergonomic}
    uintx ProfiledCodeHeapSize                     = 122909434                              {pd product} {ergonomic}
    uintx ReservedCodeCacheSize                    = 251658240                              {pd product} {ergonomic}
     bool SegmentedCodeCache                       = true                                      {product} {ergonomic}
   size_t SoftMaxHeapSize                          = 4125097984                             {manageable} {ergonomic}
     bool UseCompressedClassPointers               = true                           {product lp64_product} {ergonomic}
     bool UseCompressedOops                        = true                           {product lp64_product} {ergonomic}
     bool UseG1GC                                  = true                                      {product} {ergonomic}
     bool UseLargePagesIndividualAllocation        = false                                  {pd product} {ergonomic}

Logging:
Log output configuration:
 #0: stdout all=warning uptime,level,tags foldmultilines=false
 #1: stderr all=off uptime,level,tags foldmultilines=false

Environment Variables:
PATH=C:\Program Files\Microsoft MPI\Bin\;C:\Program Files\Rockwell Software\RSCommon;C:\Program Files\Common Files\Oracle\Java\javapath;C:\Program Files (x86)\Razer Chroma SDK\bin;C:\Program Files\Razer Chroma SDK\bin;C:\Program Files (x86)\Razer\ChromaBroadcast\bin;C:\Program Files\Razer\ChromaBroadcast\bin;C:\windows\system32;C:\windows;C:\windows\System32\Wbem;C:\windows\System32\WindowsPowerShell\v1.0\;C:\windows\System32\OpenSSH\;C:\Program Files (x86)\NVIDIA Corporation\PhysX\Common;C:\Program Files\NVIDIA Corporation\NVIDIA NvDLISR;C:\WINDOWS\system32;C:\WINDOWS;C:\WINDOWS\System32\Wbem;C:\WINDOWS\System32\WindowsPowerShell\v1.0\;C:\WINDOWS\System32\OpenSSH\;C:\Program Files\Microsoft SQL Server\130\Tools\Binn\;C:\Program Files\Microsoft SQL Server\Client SDK\ODBC\170\Tools\Binn\;C:\Program Files (x86)\Calibre2\;C:\Program Files\dotnet\;C:\WINDOWS\system32\config\systemprofile\AppData\Local\Microsoft\WindowsApps;C:\Users\vince\AppData\Local\Microsoft\WindowsApps;C:\Users\vince\.dotnet\tools;C:\Users\vince\AppData\Local\Programs\Microsoft VS Code\bin;C:\Program Files (x86)\Common Files\Rockwell;C:\Program Files\PowerShell\7\;C:\Program Files\Azure Data Studio\bin;C:\Program Files (x86)\Microsoft SQL Server\160\Tools\Binn\;C:\Program Files\Microsoft SQL Server\160\Tools\Binn\;C:\Program Files\Microsoft SQL Server\160\DTS\Binn\;C:\Program Files (x86)\Microsoft SQL Server\160\DTS\Binn\;C:\Users\vince\AppData\Local\Microsoft\WindowsApps;C:\Users\vince\AppData\Local\Programs\Microsoft VS Code\bin;C:\Users\vince\.dotnet\tools;C:\Program Files\Azure Data Studio\bin
USERNAME=vince
OS=Windows_NT
PROCESSOR_IDENTIFIER=AMD64 Family 23 Model 96 Stepping 1, AuthenticAMD



---------------  S Y S T E M  ---------------

OS:
 Windows 10 , 64 bit Build 19041 (10.0.19041.3031)
OS uptime: 1 days 2:13 hours

CPU: total 12 (initial active 12) (12 cores per cpu, 2 threads per core) family 23 model 96 stepping 1 microcode 0x0, cx8, cmov, fxsr, ht, mmx, 3dnowpref, sse, sse2, sse3, ssse3, sse4a, sse4.1, sse4.2, popcnt, lzcnt, tsc, tscinvbit, avx, avx2, aes, clmul, bmi1, bmi2, adx, sha, fma, vzeroupper, clflush, clflushopt

Memory: 4k page, system-wide physical 15732M (5235M free)
TotalPageFile size 15732M (AvailPageFile size 93M)
current process WorkingSet (physical memory assigned to process): 10M, peak: 10M
current process commit charge ("private bytes"): 64M, peak: 310M

vm_info: Java HotSpot(TM) 64-Bit Server VM (18.0.1.1+2-6) for windows-amd64 JRE (18.0.1.1+2-6), built on Apr 25 2022 21:53:15 by "mach5one" with MS VC++ 16.8 / 16.9 (VS2019)

END.
